<?xml version="1.0" encoding="utf-8"?><testsuites name="pytest tests"><testsuite name="pytest" errors="0" failures="0" skipped="0" tests="10" time="2.169" timestamp="2026-08-29T17:36:20.569871+00:00" hostname="agent-env-4010da7f-df84-4ec3-b3ea-4a5a1b3ded2f"><testcase classname="tests.test_iteration5_email.TestAntiFraud" name="test_disposable_domain_rejected" time="0.305" /><testcase classname="tests.test_iteration5_email.TestRegisterContract" name="test_register_returns_200" time="0.666" /><testcase classname="tests.test_iteration5_email.TestRegisterContract" name="test_no_mock_code_field" time="0.000" /><testcase classname="tests.test_iteration5_email.TestRegisterContract" name="test_email_sent_key_present" time="0.000" /><testcase classname="tests.test_iteration5_email.TestLoginRegression" name="test_login_and_me" time="0.299" /><testcase classname="tests.test_iteration5_email.TestAntiFraud" name="test_duplicate_email_conflict" time="0.719" /><testcase classname="tests.test_iteration5_email.TestLoginRegression" name="test_login_wrong_password_401" time="0.272" /><testcase classname="tests.test_iteration5_email.TestVerifyEmailNegative" name="test_wrong_code_400" time="0.153" /><testcase classname="tests.test_iteration5_email.TestVerifyEmailNegative" name="test_unknown_email_404" time="0.168" /><testcase classname="tests.test_iteration5_email" name="test_cleanup_registered_user" time="0.084" /></testsuite></testsuites>