<?xml version="1.0" encoding="utf-8"?><testsuites name="pytest tests"><testsuite name="pytest" errors="0" failures="0" skipped="0" tests="17" time="3.313" timestamp="2026-08-28T22:27:42.878673+00:00" hostname="agent-env-4010da7f-df84-4ec3-b3ea-4a5a1b3ded2f"><testcase classname="tests.test_iteration3.TestTeam" name="test_members_owner_and_can_manage" time="0.495" /><testcase classname="tests.test_iteration3.TestPaymentsCheckout" name="test_checkout_unknown_item_400" time="0.525" /><testcase classname="tests.test_iteration3.TestTeam" name="test_invite_lifecycle" time="1.287" /><testcase classname="tests.test_iteration3.TestPaymentsCheckout" name="test_checkout_requires_auth" time="0.154" /><testcase classname="tests.test_iteration3.TestPaymentsCheckout" name="test_checkout_pack_2000_and_status_pending" time="0.943" /><testcase classname="tests.test_iteration3.TestPaymentsCheckout" name="test_checkout_annual_plan" time="0.581" /><testcase classname="tests.test_iteration3.TestTeam" name="test_invite_invalid_role_400" time="0.389" /><testcase classname="tests.test_iteration3.TestTeam" name="test_invite_self_400" time="0.254" /><testcase classname="tests.test_iteration3.TestPaymentsCheckout" name="test_status_unknown_session_404" time="0.105" /><testcase classname="tests.test_iteration3.TestPaymentsCheckout" name="test_status_no_auth_leaks_no_500" time="0.111" /><testcase classname="tests.test_iteration3.TestPaymentsCatalog" name="test_catalog_requires_auth" time="0.111" /><testcase classname="tests.test_iteration3.TestTeam" name="test_invite_bad_email_422" time="0.163" /><testcase classname="tests.test_iteration3.TestPaymentsCatalog" name="test_catalog_shape" time="0.103" /><testcase classname="tests.test_iteration3.TestTeam" name="test_invite_requires_auth" time="0.175" /><testcase classname="tests.test_iteration3.TestPluginCode" name="test_plugin_code" time="0.120" /><testcase classname="tests.test_iteration3.TestFreePlanGate" name="test_free_user_invite_403" time="0.296" /><testcase classname="tests.test_iteration3.TestFreePlanGate" name="test_free_user_members_can_manage_false" time="0.068" /></testsuite></testsuites>