<?xml version="1.0" encoding="utf-8"?><testsuites name="pytest tests"><testsuite name="pytest" errors="0" failures="0" skipped="0" tests="36" time="49.785" timestamp="2026-08-28T21:29:59.012179+00:00" hostname="agent-env-4010da7f-df84-4ec3-b3ea-4a5a1b3ded2f"><testcase classname="tests.backend_test.TestRegisterVerify" name="test_register_returns_mock_code_and_verify_grants_5_credits" time="0.881" /><testcase classname="tests.backend_test.TestLogin" name="test_login_success" time="0.314" /><testcase classname="tests.backend_test.TestLogin" name="test_login_wrong_password" time="0.310" /><testcase classname="tests.backend_test.TestLogin" name="test_login_unknown_user" time="0.156" /><testcase classname="tests.backend_test.TestLogin" name="test_me_requires_token" time="0.148" /><testcase classname="tests.backend_test.TestRegisterVerify" name="test_disposable_email_rejected" time="0.213" /><testcase classname="tests.backend_test.TestLogin" name="test_me_rejects_garbage_token" time="0.127" /><testcase classname="tests.backend_test.TestLogin" name="test_refresh_token_cannot_be_used_as_access_token" time="0.224" /><testcase classname="tests.backend_test.TestRegisterVerify" name="test_invalid_email_and_weak_password_rejected" time="0.246" /><testcase classname="tests.backend_test.TestLogin" name="test_refresh_rotation_and_old_token_revoked" time="0.652" /><testcase classname="tests.backend_test.TestRegisterVerify" name="test_ip_signup_cap_2_per_24h" time="0.555" /><testcase classname="tests.backend_test.TestRegisterVerify" name="test_fingerprint_reuse_blocked" time="0.463" /><testcase classname="tests.backend_test.TestLogin" name="test_logout_revokes_refresh" time="0.671" /><testcase classname="tests.backend_test.TestWorkspace" name="test_estimate" time="0.309" /><testcase classname="tests.backend_test.TestApiKeys" name="test_keys_require_auth" time="0.141" /><testcase classname="tests.backend_test.TestWorkspace" name="test_prompt_requires_auth" time="0.171" /><testcase classname="tests.backend_test.TestWorkspace" name="test_prompt_streams_actions_queues_commands_and_deducts_credits" time="25.620" /><testcase classname="tests.backend_test.TestApiKeys" name="test_create_reveal_once_and_list_hides_secret" time="0.690" /><testcase classname="tests.backend_test.TestApiKeys" name="test_revoke_and_regenerate" time="0.683" /><testcase classname="tests.backend_test.TestApiKeys" name="test_revoke_unknown_key_404" time="0.127" /><testcase classname="tests.backend_test.TestApiKeys" name="test_max_5_active_keys" time="1.649" /><testcase classname="tests.backend_test.TestDashboard" name="test_projects_crud" time="0.490" /><testcase classname="tests.backend_test.TestDashboard" name="test_billing_packages" time="0.127" /><testcase classname="tests.backend_test.TestDashboard" name="test_security_audit_and_sessions" time="0.184" /><testcase classname="tests.backend_test.TestDashboard" name="test_dashboard_endpoints_require_auth" time="0.413" /><testcase classname="tests.backend_test.TestDashboard" name="test_revoke_all_sessions_last" time="0.572" /><testcase classname="tests.backend_test.TestHealth" name="test_health" time="0.213" /><testcase classname="tests.backend_test.TestHealth" name="test_root" time="0.134" /><testcase classname="tests.backend_test.TestHealth" name="test_security_headers" time="0.133" /><testcase classname="tests.backend_test.TestBridge" name="test_missing_and_malformed_key" time="0.225" /><testcase classname="tests.backend_test.TestBridge" name="test_valid_key_poll" time="0.807" /><testcase classname="tests.backend_test.TestBridge" name="test_ip_allowlist_403" time="0.781" /><testcase classname="tests.backend_test.TestRateLimit" name="test_auth_endpoint_5_per_min" time="0.438" /><testcase classname="tests.backend_test.TestVerificationGating" name="test_unverified_user_cannot_reach_verified_routes" time="0.708" /><testcase classname="tests.backend_test.TestWorkspace" name="test_zero_credit_user_gets_402" time="20.043" /><testcase classname="tests.backend_test.TestWorkspace" name="test_bridge_state" time="0.193" /></testsuite></testsuites>